[debug] [2024-06-04T15:26:20.045Z] ----------------------------------------------------------------------
[debug] [2024-06-04T15:26:20.048Z] Command:       C:\Program Files\nodejs\node.exe C:\Users\themo\AppData\Roaming\npm\node_modules\firebase-tools\lib\bin\firebase.js init
[debug] [2024-06-04T15:26:20.048Z] CLI Version:   13.10.2
[debug] [2024-06-04T15:26:20.049Z] Platform:      win32
[debug] [2024-06-04T15:26:20.049Z] Node Version:  v20.12.1
[debug] [2024-06-04T15:26:20.049Z] Time:          Tue Jun 04 2024 20:56:20 GMT+0530 (India Standard Time)
[debug] [2024-06-04T15:26:20.049Z] ----------------------------------------------------------------------
[debug] 
[debug] [2024-06-04T15:26:20.055Z] > command requires scopes: ["email","openid","https://www.googleapis.com/auth/cloudplatformprojects.readonly","https://www.googleapis.com/auth/firebase","https://www.googleapis.com/auth/cloud-platform"]
[debug] [2024-06-04T15:26:20.055Z] > authorizing via signed-in user (chattysayshi@gmail.com)
[info] 
     ######## #### ########  ######## ########     ###     ######  ########
     ##        ##  ##     ## ##       ##     ##  ##   ##  ##       ##
     ######    ##  ########  ######   ########  #########  ######  ######
     ##        ##  ##    ##  ##       ##     ## ##     ##       ## ##
     ##       #### ##     ## ######## ########  ##     ##  ######  ########

You're about to initialize a Firebase project in this directory:

  C:\Users\themo\chattyboy

[info] 
=== Project Setup
[info] 
[info] First, let's associate this project directory with a Firebase project.
[info] You can create multiple project aliases by running firebase use --add, 
[info] but for now we'll just set up a default project.
[info] 
[debug] [2024-06-04T15:26:58.123Z] >>> [apiv2][query] GET https://firebase.googleapis.com/v1beta1/projects pageSize=100
[debug] [2024-06-04T15:26:59.143Z] <<< [apiv2][status] GET https://firebase.googleapis.com/v1beta1/projects 200
[debug] [2024-06-04T15:26:59.143Z] <<< [apiv2][body] GET https://firebase.googleapis.com/v1beta1/projects [omitted]
[info] i  Using project chatty4624 (chatty) 
[info] 
=== Database Setup
[info] i  database: ensuring required API firebasedatabase.googleapis.com is enabled... 
[debug] [2024-06-04T15:27:01.197Z] >>> [apiv2][query] GET https://serviceusage.googleapis.com/v1/projects/chatty4624/services/firebasedatabase.googleapis.com [none]
[debug] [2024-06-04T15:27:01.197Z] >>> [apiv2][(partial)header] GET https://serviceusage.googleapis.com/v1/projects/chatty4624/services/firebasedatabase.googleapis.com x-goog-quota-user=projects/chatty4624
[debug] [2024-06-04T15:27:03.436Z] <<< [apiv2][status] GET https://serviceusage.googleapis.com/v1/projects/chatty4624/services/firebasedatabase.googleapis.com 200
[debug] [2024-06-04T15:27:03.436Z] <<< [apiv2][body] GET https://serviceusage.googleapis.com/v1/projects/chatty4624/services/firebasedatabase.googleapis.com [omitted]
[warn] !  database: missing required API firebasedatabase.googleapis.com. Enabling now... 
[debug] [2024-06-04T15:27:03.437Z] >>> [apiv2][query] POST https://serviceusage.googleapis.com/v1/projects/chatty4624/services/firebasedatabase.googleapis.com:enable [none]
[debug] [2024-06-04T15:27:03.437Z] >>> [apiv2][(partial)header] POST https://serviceusage.googleapis.com/v1/projects/chatty4624/services/firebasedatabase.googleapis.com:enable x-goog-quota-user=projects/chatty4624
[debug] [2024-06-04T15:27:04.022Z] <<< [apiv2][status] POST https://serviceusage.googleapis.com/v1/projects/chatty4624/services/firebasedatabase.googleapis.com:enable 200
[debug] [2024-06-04T15:27:04.022Z] <<< [apiv2][body] POST https://serviceusage.googleapis.com/v1/projects/chatty4624/services/firebasedatabase.googleapis.com:enable [omitted]
[debug] [2024-06-04T15:27:14.037Z] >>> [apiv2][query] GET https://serviceusage.googleapis.com/v1/projects/chatty4624/services/firebasedatabase.googleapis.com [none]
[debug] [2024-06-04T15:27:14.038Z] >>> [apiv2][(partial)header] GET https://serviceusage.googleapis.com/v1/projects/chatty4624/services/firebasedatabase.googleapis.com x-goog-quota-user=projects/chatty4624
[debug] [2024-06-04T15:27:16.291Z] <<< [apiv2][status] GET https://serviceusage.googleapis.com/v1/projects/chatty4624/services/firebasedatabase.googleapis.com 200
[debug] [2024-06-04T15:27:16.291Z] <<< [apiv2][body] GET https://serviceusage.googleapis.com/v1/projects/chatty4624/services/firebasedatabase.googleapis.com [omitted]
[info] +  database: required API firebasedatabase.googleapis.com is enabled 
[info] 
[debug] [2024-06-04T15:27:16.295Z] >>> [apiv2][query] GET https://firebase.googleapis.com/v1beta1/projects/chatty4624 [none]
[debug] [2024-06-04T15:27:16.722Z] <<< [apiv2][status] GET https://firebase.googleapis.com/v1beta1/projects/chatty4624 200
[debug] [2024-06-04T15:27:16.723Z] <<< [apiv2][body] GET https://firebase.googleapis.com/v1beta1/projects/chatty4624 {"projectId":"chatty4624","projectNumber":"277094486878","displayName":"chatty","name":"projects/chatty4624","resources":{"hostingSite":"chatty4624","storageBucket":"chatty4624.appspot.com","locationId":"us-central"},"state":"ACTIVE","etag":"1_1922998b-c711-4aec-90dc-badd315950bd"}
